<?xml version="1.0" encoding="UTF-8"?>
<!-- Generated by org.testng.reporters.JUnitXMLReporter -->
<testsuite ignored="0" hostname="LAPTOP-DCSLAHO4" failures="0" tests="5" name="Test" time="104.185" errors="0" timestamp="2023-01-27T01:00:02 IST">
  <testcase classname="neoStockTestClasses.ValidateNeoStockUserName" name="@AfterMethod logOutNeoStockAccount" time="2.967">
    <failure type="org.openqa.selenium.ElementClickInterceptedException" message="element click intercepted: Element &amp;lt;span b-q0y7y9zo0f=&amp;quot;&amp;quot; id=&amp;quot;lbl_username&amp;quot;&amp;gt;...&amp;lt;/span&amp;gt; is not clickable at point (1309, 13). Other element would receive the click: &amp;lt;div class=&amp;quot;modal show&amp;quot; role=&amp;quot;dialog&amp;quot; id=&amp;quot;modal_neostoxinfo&amp;quot; data-keyboard=&amp;quot;false&amp;quot; data-backdrop=&amp;quot;static&amp;quot; style=&amp;quot;z-index: 1500; display: block;&amp;quot; aria-modal=&amp;quot;true&amp;quot;&amp;gt;...&amp;lt;/div&amp;gt;
  (Session info: chrome=109.0.5414.119)
Build info: version: &amp;apos;4.5.3&amp;apos;, revision: &amp;apos;4b786a1e430&amp;apos;
System info: os.name: &amp;apos;Windows 11&amp;apos;, os.arch: &amp;apos;amd64&amp;apos;, os.version: &amp;apos;10.0&amp;apos;, java.version: &amp;apos;11.0.16&amp;apos;
Driver info: org.openqa.selenium.chrome.ChromeDriver
Command: [ee1d9e2c762de4e43be754c1ab1e512c, clickElement {id=4300b3c8-22de-4b09-9b6c-686550fb8a67}]
Capabilities {acceptInsecureCerts: false, browserName: chrome, browserVersion: 109.0.5414.119, chrome: {chromedriverVersion: 109.0.5414.74 (e7c5703604da..., userDataDir: C:\Users\umesh\AppData\Loca...}, goog:chromeOptions: {debuggerAddress: localhost:56005}, networkConnectionEnabled: false, pageLoadStrategy: normal, platformName: WINDOWS, proxy: Proxy(), se:cdp: ws://localhost:56005/devtoo..., se:cdpVersion: 109.0.5414.119, setWindowRect: true, strictFileInteractability: false, timeouts: {implicit: 0, pageLoad: 300000, script: 30000}, unhandledPromptBehavior: dismiss and notify, webauthn:extension:credBlob: true, webauthn:extension:largeBlob: true, webauthn:virtualAuthenticators: true}
Element: [[ChromeDriver: chrome on WINDOWS (ee1d9e2c762de4e43be754c1ab1e512c)] -&amp;gt; id: lbl_username]
Session ID: ee1d9e2c762de4e43be754c1ab1e512c">
      <![CDATA[org.openqa.selenium.ElementClickInterceptedException: element click intercepted: Element <span b-q0y7y9zo0f="" id="lbl_username">...</span> is not clickable at point (1309, 13). Other element would receive the click: <div class="modal show" role="dialog" id="modal_neostoxinfo" data-keyboard="false" data-backdrop="static" style="z-index: 1500; display: block;" aria-modal="true">...</div>
  (Session info: chrome=109.0.5414.119)
Build info: version: '4.5.3', revision: '4b786a1e430'
System info: os.name: 'Windows 11', os.arch: 'amd64', os.version: '10.0', java.version: '11.0.16'
Driver info: org.openqa.selenium.chrome.ChromeDriver
Command: [ee1d9e2c762de4e43be754c1ab1e512c, clickElement {id=4300b3c8-22de-4b09-9b6c-686550fb8a67}]
Capabilities {acceptInsecureCerts: false, browserName: chrome, browserVersion: 109.0.5414.119, chrome: {chromedriverVersion: 109.0.5414.74 (e7c5703604da..., userDataDir: C:\Users\umesh\AppData\Loca...}, goog:chromeOptions: {debuggerAddress: localhost:56005}, networkConnectionEnabled: false, pageLoadStrategy: normal, platformName: WINDOWS, proxy: Proxy(), se:cdp: ws://localhost:56005/devtoo..., se:cdpVersion: 109.0.5414.119, setWindowRect: true, strictFileInteractability: false, timeouts: {implicit: 0, pageLoad: 300000, script: 30000}, unhandledPromptBehavior: dismiss and notify, webauthn:extension:credBlob: true, webauthn:extension:largeBlob: true, webauthn:virtualAuthenticators: true}
Element: [[ChromeDriver: chrome on WINDOWS (ee1d9e2c762de4e43be754c1ab1e512c)] -> id: lbl_username]
Session ID: ee1d9e2c762de4e43be754c1ab1e512c
at org.openqa.selenium.remote.codec.w3c.W3CHttpResponseCodec.createException(W3CHttpResponseCodec.java:200)
at org.openqa.selenium.remote.codec.w3c.W3CHttpResponseCodec.decode(W3CHttpResponseCodec.java:133)
at org.openqa.selenium.remote.codec.w3c.W3CHttpResponseCodec.decode(W3CHttpResponseCodec.java:53)
at org.openqa.selenium.remote.HttpCommandExecutor.execute(HttpCommandExecutor.java:184)
at org.openqa.selenium.remote.service.DriverCommandExecutor.invokeExecute(DriverCommandExecutor.java:167)
at org.openqa.selenium.remote.service.DriverCommandExecutor.execute(DriverCommandExecutor.java:142)
at org.openqa.selenium.remote.RemoteWebDriver.execute(RemoteWebDriver.java:541)
at org.openqa.selenium.remote.RemoteWebElement.execute(RemoteWebElement.java:257)
at org.openqa.selenium.remote.RemoteWebElement.click(RemoteWebElement.java:78)
at org.openqa.selenium.support.pagefactory.internal.LocatingElementHandler.invoke(LocatingElementHandler.java:52)
at com.sun.proxy.$Proxy20.click(Unknown Source)
at neoStockPomClasses.DashBoardOfNeoStockPage1.logOutclick(DashBoardOfNeoStockPage1.java:59)
at neoStockTestClasses.ValidateNeoStockUserName.logOutNeoStockAccount(ValidateNeoStockUserName.java:88)
at java.base/java.util.ArrayList.forEach(ArrayList.java:1541)
... Removed 40 stack frames]]>
    </failure>
  </testcase> <!-- @AfterMethod logOutNeoStockAccount -->
  <testcase classname="neoStockTestClasses.ValidateNeoStockUserName" name="@BeforeMethod loginToNeoStock" time="-1.674761320002E9">
    <skipped/>
  </testcase> <!-- @BeforeMethod loginToNeoStock -->
  <testcase classname="neoStockTestClasses.ValidateNeoStockUserName" name="@AfterMethod logOutNeoStockAccount" time="-1.674761320018E9">
    <skipped/>
  </testcase> <!-- @AfterMethod logOutNeoStockAccount -->
  <testcase classname="neoStockTestClasses.ValidateNeoStockUserName" name="@AfterClass CloseTheBBrowser" time="-1.674761320018E9">
    <skipped/>
  </testcase> <!-- @AfterClass CloseTheBBrowser -->
  <testcase classname="neoStockTestClasses.ValidateNeoStockUserName" name="ValidateAccountBalance" time="0.079"/>
  <testcase classname="neoStockTestClasses.ValidateNeoStockUserName" name="ValidateUserName" time="0.0">
    <skipped/>
  </testcase> <!-- ValidateUserName -->
  <testcase classname="neoStockTestClasses.ValidateNeoStockUserName2_data_Provider" name="ValidateAccountBalance" time="12.707"/>
  <testcase classname="neoStockTestClasses.ValidateNeoStockUserName2_data_Provider" name="ValidateAccountBalance" time="12.349"/>
  <testcase classname="neoStockTestClasses.ValidateNeoStockUserName2_data_Provider" name="ValidateAccountBalance" time="11.644"/>
</testsuite> <!-- Test -->
